<application: app.config>: init ..
<panel(app.config) [0, 0, 158, 52]>: mark as resize
<application: app.config>: init ok
<panel(app.config.mconfdialog) [1, 1, 157, 51]>: mark as resize
<view(window.shadow) [2, 1, 156, 50]>: mark as resize
<panel(window.frame) [0, 0, 156, 50]>: mark as resize
<view(window.border) [0, 0, 154, 49]>: mark as resize
<view(window.title) [0, 0, 11, 1]>: mark as resize
<panel(window.panel) [0, 0, 154, 49]>: mark as resize
<panel(dialog.buttons) [0, 46, 152, 47]>: mark as resize
<view(textdialog.text) [0, 0, 152, 46]>: mark as resize
<view(textdialog.scrollbar) [151, 0, 152, 46]>: mark as resize
<panel(boxdialog.box) [0, 3, 152, 46]>: mark as resize
<panel(window.frame) [0, 0, 152, 43]>: mark as resize
<view(window.border) [0, 0, 152, 43]>: mark as resize
<panel(window.panel) [0, 0, 152, 43]>: mark as resize
<view(select) [0, 0, 10, 1]>: mark as resize
<view(back) [0, 0, 8, 1]>: mark as resize
<view(exit) [0, 0, 8, 1]>: mark as resize
<view(help) [0, 0, 8, 1]>: mark as resize
<view(save) [0, 0, 8, 1]>: mark as resize
<view(mconfdialog.scrollbar) [149, 0, 150, 41]>: mark as resize
<panel(mconfdialog.menuconf) [0, 0, 149, 41]>: mark as resize
<view(menuconf.config.1) [0, 0, 149, 1]>: mark as resize
<view(menuconf.config.2) [0, 1, 149, 2]>: mark as resize
<panel(menubar) [0, 0, 158, 1]>: mark as resize
<view(menubar.title) [0, 0, 158, 1]>: mark as resize
<panel(desktop) [0, 1, 158, 51]>: mark as resize
<panel(statusbar) [0, 51, 158, 52]>: mark as resize
<view(statusbar.info) [0, 0, 158, 1]>: mark as resize
<panel(app.config) [0, 0, 158, 52]>: resize ..
<panel(app.config.mconfdialog) [1, 1, 157, 51]>: resize ..
<view(window.shadow) [2, 1, 156, 50]>: resize ..
<panel(window.frame) [0, 0, 154, 49]>: resize ..
<view(window.border) [0, 0, 154, 49]>: resize ..
<view(window.title) [71, 0, 82, 1]>: resize ..
<panel(window.panel) [1, 1, 153, 48]>: resize ..
<panel(dialog.buttons) [0, 46, 152, 47]>: resize ..
<view(select) [33, 0, 43, 1]>: resize ..
<view(back) [53, 0, 61, 1]>: resize ..
<view(exit) [72, 0, 80, 1]>: resize ..
<view(help) [91, 0, 99, 1]>: resize ..
<view(save) [110, 0, 118, 1]>: resize ..
<view(textdialog.text) [0, 0, 152, 3]>: resize ..
<panel(boxdialog.box) [0, 3, 152, 46]>: resize ..
<panel(window.frame) [0, 0, 152, 43]>: resize ..
<view(window.border) [0, 0, 152, 43]>: resize ..
<panel(window.panel) [1, 1, 151, 42]>: resize ..
<panel(mconfdialog.menuconf) [0, 0, 149, 41]>: resize ..
<view(menuconf.config.1) [0, 0, 149, 1]>: resize ..
<view(menuconf.config.2) [0, 1, 149, 2]>: resize ..
<panel(app.config) [0, 0, 158, 52]>: draw (transparent: nil) ..
<panel(app.config.mconfdialog) [1, 1, 157, 51]>: draw (transparent: nil) ..
<view(window.shadow) [2, 1, 156, 50]>: draw (transparent: nil) ..
<panel(window.frame) [0, 0, 154, 49]>: draw (transparent: nil) ..
<view(window.border) [0, 0, 154, 49]>: draw (transparent: true) ..
<view(window.title) [71, 0, 82, 1]>: draw (transparent: nil) ..
<panel(window.panel) [1, 1, 153, 48]>: draw (transparent: nil) ..
<panel(dialog.buttons) [0, 46, 152, 47]>: draw (transparent: nil) ..
<view(select) [33, 0, 43, 1]>: draw (transparent: nil) ..
<view(back) [53, 0, 61, 1]>: draw (transparent: nil) ..
<view(exit) [72, 0, 80, 1]>: draw (transparent: nil) ..
<view(help) [91, 0, 99, 1]>: draw (transparent: nil) ..
<view(save) [110, 0, 118, 1]>: draw (transparent: nil) ..
<view(textdialog.text) [0, 0, 152, 3]>: draw (transparent: nil) ..
<panel(boxdialog.box) [0, 3, 152, 46]>: draw (transparent: nil) ..
<panel(window.frame) [0, 0, 152, 43]>: draw (transparent: nil) ..
<view(window.border) [0, 0, 152, 43]>: draw (transparent: true) ..
<panel(window.panel) [1, 1, 151, 42]>: draw (transparent: nil) ..
<panel(mconfdialog.menuconf) [0, 0, 149, 41]>: draw (transparent: nil) ..
<view(menuconf.config.1) [0, 0, 149, 1]>: draw (transparent: nil) ..
<view(menuconf.config.2) [0, 1, 149, 2]>: draw (transparent: nil) ..
<view(window.shadow) [2, 1, 156, 50]>: refresh to app.config.mconfdialog(2, 1, 156, 50) ..
<view(window.border) [0, 0, 154, 49]>: refresh to window.frame(0, 0, 154, 49) ..
<view(window.title) [71, 0, 82, 1]>: refresh to window.frame(71, 0, 82, 1) ..
<view(select) [33, 0, 43, 1]>: refresh to dialog.buttons(33, 0, 43, 1) ..
<view(back) [53, 0, 61, 1]>: refresh to dialog.buttons(53, 0, 61, 1) ..
<view(exit) [72, 0, 80, 1]>: refresh to dialog.buttons(72, 0, 80, 1) ..
<view(help) [91, 0, 99, 1]>: refresh to dialog.buttons(91, 0, 99, 1) ..
<view(save) [110, 0, 118, 1]>: refresh to dialog.buttons(110, 0, 118, 1) ..
<panel(dialog.buttons) [0, 46, 152, 47]>: refresh to window.panel(0, 46, 152, 47) ..
<view(textdialog.text) [0, 0, 152, 3]>: refresh to window.panel(0, 0, 152, 3) ..
<view(window.border) [0, 0, 152, 43]>: refresh to window.frame(0, 0, 152, 43) ..
<view(menuconf.config.1) [0, 0, 149, 1]>: refresh to mconfdialog.menuconf(0, 0, 149, 1) ..
<view(menuconf.config.2) [0, 1, 149, 2]>: refresh to mconfdialog.menuconf(0, 1, 149, 2) ..
<panel(mconfdialog.menuconf) [0, 0, 149, 41]>: refresh to window.panel(0, 0, 149, 41) ..
<panel(window.panel) [1, 1, 151, 42]>: refresh to window.frame(1, 1, 151, 42) ..
<panel(window.frame) [0, 0, 152, 43]>: refresh to boxdialog.box(0, 0, 152, 43) ..
<panel(boxdialog.box) [0, 3, 152, 46]>: refresh to window.panel(0, 3, 152, 46) ..
<panel(window.panel) [1, 1, 153, 48]>: refresh to window.frame(1, 1, 153, 48) ..
<panel(window.frame) [0, 0, 154, 49]>: refresh to app.config.mconfdialog(0, 0, 154, 49) ..
<panel(app.config.mconfdialog) [1, 1, 157, 51]>: refresh to app.config(1, 1, 157, 51) ..
<panel(app.config) [0, 0, 158, 52]>: refresh ..
cursor(<view(select) [33, 0, 43, 1]>): (35, 48.0), 1
event(key): Enter 13.0 ..
<panel(mconfdialog.menuconf) [0, 0, 149, 41]>: mark as redraw
<view(menuconf.config.1) [0, 0, 149, 1]>: mark as resize
<view(menuconf.config.2) [0, 1, 149, 2]>: mark as resize
<view(menuconf.config.3) [0, 2, 149, 3]>: mark as resize
<view(menuconf.config.4) [0, 3, 149, 4]>: mark as resize
<view(menuconf.config.5) [0, 4, 149, 5]>: mark as resize
<view(menuconf.config.6) [0, 5, 149, 6]>: mark as resize
<view(menuconf.config.7) [0, 6, 149, 7]>: mark as resize
<view(menuconf.config.8) [0, 7, 149, 8]>: mark as resize
<view(menuconf.config.9) [0, 8, 149, 9]>: mark as resize
<view(menuconf.config.10) [0, 9, 149, 10]>: mark as resize
<view(menuconf.config.11) [0, 10, 149, 11]>: mark as resize
<view(menuconf.config.12) [0, 11, 149, 12]>: mark as resize
<view(menuconf.config.13) [0, 12, 149, 13]>: mark as resize
<view(menuconf.config.14) [0, 13, 149, 14]>: mark as resize
<view(menuconf.config.15) [0, 14, 149, 15]>: mark as resize
<panel(mconfdialog.menuconf) [0, 0, 149, 41]>: draw (transparent: nil) ..
<view(menuconf.config.1) [0, 0, 149, 1]>: draw (transparent: nil) ..
<view(menuconf.config.2) [0, 1, 149, 2]>: draw (transparent: nil) ..
<view(menuconf.config.3) [0, 2, 149, 3]>: draw (transparent: nil) ..
<view(menuconf.config.4) [0, 3, 149, 4]>: draw (transparent: nil) ..
<view(menuconf.config.5) [0, 4, 149, 5]>: draw (transparent: nil) ..
<view(menuconf.config.6) [0, 5, 149, 6]>: draw (transparent: nil) ..
<view(menuconf.config.7) [0, 6, 149, 7]>: draw (transparent: nil) ..
<view(menuconf.config.8) [0, 7, 149, 8]>: draw (transparent: nil) ..
<view(menuconf.config.9) [0, 8, 149, 9]>: draw (transparent: nil) ..
<view(menuconf.config.10) [0, 9, 149, 10]>: draw (transparent: nil) ..
<view(menuconf.config.11) [0, 10, 149, 11]>: draw (transparent: nil) ..
<view(menuconf.config.12) [0, 11, 149, 12]>: draw (transparent: nil) ..
<view(menuconf.config.13) [0, 12, 149, 13]>: draw (transparent: nil) ..
<view(menuconf.config.14) [0, 13, 149, 14]>: draw (transparent: nil) ..
<view(menuconf.config.15) [0, 14, 149, 15]>: draw (transparent: nil) ..
<view(menuconf.config.1) [0, 0, 149, 1]>: refresh to mconfdialog.menuconf(0, 0, 149, 1) ..
<view(menuconf.config.2) [0, 1, 149, 2]>: refresh to mconfdialog.menuconf(0, 1, 149, 2) ..
<view(menuconf.config.3) [0, 2, 149, 3]>: refresh to mconfdialog.menuconf(0, 2, 149, 3) ..
<view(menuconf.config.4) [0, 3, 149, 4]>: refresh to mconfdialog.menuconf(0, 3, 149, 4) ..
<view(menuconf.config.5) [0, 4, 149, 5]>: refresh to mconfdialog.menuconf(0, 4, 149, 5) ..
<view(menuconf.config.6) [0, 5, 149, 6]>: refresh to mconfdialog.menuconf(0, 5, 149, 6) ..
<view(menuconf.config.7) [0, 6, 149, 7]>: refresh to mconfdialog.menuconf(0, 6, 149, 7) ..
<view(menuconf.config.8) [0, 7, 149, 8]>: refresh to mconfdialog.menuconf(0, 7, 149, 8) ..
<view(menuconf.config.9) [0, 8, 149, 9]>: refresh to mconfdialog.menuconf(0, 8, 149, 9) ..
<view(menuconf.config.10) [0, 9, 149, 10]>: refresh to mconfdialog.menuconf(0, 9, 149, 10) ..
<view(menuconf.config.11) [0, 10, 149, 11]>: refresh to mconfdialog.menuconf(0, 10, 149, 11) ..
<view(menuconf.config.12) [0, 11, 149, 12]>: refresh to mconfdialog.menuconf(0, 11, 149, 12) ..
<view(menuconf.config.13) [0, 12, 149, 13]>: refresh to mconfdialog.menuconf(0, 12, 149, 13) ..
<view(menuconf.config.14) [0, 13, 149, 14]>: refresh to mconfdialog.menuconf(0, 13, 149, 14) ..
<view(menuconf.config.15) [0, 14, 149, 15]>: refresh to mconfdialog.menuconf(0, 14, 149, 15) ..
<panel(mconfdialog.menuconf) [0, 0, 149, 41]>: refresh to window.panel(0, 0, 149, 41) ..
<panel(window.panel) [1, 1, 151, 42]>: refresh to window.frame(1, 1, 151, 42) ..
<panel(window.frame) [0, 0, 152, 43]>: refresh to boxdialog.box(0, 0, 152, 43) ..
<panel(boxdialog.box) [0, 3, 152, 46]>: refresh to window.panel(0, 3, 152, 46) ..
<panel(window.panel) [1, 1, 153, 48]>: refresh to window.frame(1, 1, 153, 48) ..
<panel(window.frame) [0, 0, 154, 49]>: refresh to app.config.mconfdialog(0, 0, 154, 49) ..
<panel(app.config.mconfdialog) [1, 1, 157, 51]>: refresh to app.config(1, 1, 157, 51) ..
<panel(app.config) [0, 0, 158, 52]>: refresh ..
cursor(<view(select) [33, 0, 43, 1]>): (35, 48.0), 1
event(key): Down 258.0 ..
<view(menuconf.config.1) [0, 0, 149, 1]>: mark as redraw
<view(menuconf.config.2) [0, 1, 149, 2]>: mark as redraw
<view(menuconf.config.1) [0, 0, 149, 1]>: draw (transparent: nil) ..
<view(menuconf.config.2) [0, 1, 149, 2]>: draw (transparent: nil) ..
<view(menuconf.config.1) [0, 0, 149, 1]>: refresh to mconfdialog.menuconf(0, 0, 149, 1) ..
<view(menuconf.config.2) [0, 1, 149, 2]>: refresh to mconfdialog.menuconf(0, 1, 149, 2) ..
<panel(mconfdialog.menuconf) [0, 0, 149, 41]>: refresh to window.panel(0, 0, 149, 41) ..
<panel(window.panel) [1, 1, 151, 42]>: refresh to window.frame(1, 1, 151, 42) ..
<panel(window.frame) [0, 0, 152, 43]>: refresh to boxdialog.box(0, 0, 152, 43) ..
<panel(boxdialog.box) [0, 3, 152, 46]>: refresh to window.panel(0, 3, 152, 46) ..
<panel(window.panel) [1, 1, 153, 48]>: refresh to window.frame(1, 1, 153, 48) ..
<panel(window.frame) [0, 0, 154, 49]>: refresh to app.config.mconfdialog(0, 0, 154, 49) ..
<panel(app.config.mconfdialog) [1, 1, 157, 51]>: refresh to app.config(1, 1, 157, 51) ..
<panel(app.config) [0, 0, 158, 52]>: refresh ..
cursor(<view(select) [33, 0, 43, 1]>): (35, 48.0), 1
event(key): Down 258.0 ..
<view(menuconf.config.2) [0, 1, 149, 2]>: mark as redraw
<view(menuconf.config.3) [0, 2, 149, 3]>: mark as redraw
<view(menuconf.config.2) [0, 1, 149, 2]>: draw (transparent: nil) ..
<view(menuconf.config.3) [0, 2, 149, 3]>: draw (transparent: nil) ..
<view(menuconf.config.2) [0, 1, 149, 2]>: refresh to mconfdialog.menuconf(0, 1, 149, 2) ..
<view(menuconf.config.3) [0, 2, 149, 3]>: refresh to mconfdialog.menuconf(0, 2, 149, 3) ..
<panel(mconfdialog.menuconf) [0, 0, 149, 41]>: refresh to window.panel(0, 0, 149, 41) ..
<panel(window.panel) [1, 1, 151, 42]>: refresh to window.frame(1, 1, 151, 42) ..
<panel(window.frame) [0, 0, 152, 43]>: refresh to boxdialog.box(0, 0, 152, 43) ..
<panel(boxdialog.box) [0, 3, 152, 46]>: refresh to window.panel(0, 3, 152, 46) ..
<panel(window.panel) [1, 1, 153, 48]>: refresh to window.frame(1, 1, 153, 48) ..
<panel(window.frame) [0, 0, 154, 49]>: refresh to app.config.mconfdialog(0, 0, 154, 49) ..
<panel(app.config.mconfdialog) [1, 1, 157, 51]>: refresh to app.config(1, 1, 157, 51) ..
<panel(app.config) [0, 0, 158, 52]>: refresh ..
cursor(<view(select) [33, 0, 43, 1]>): (35, 48.0), 1
event(key): Down 258.0 ..
<view(menuconf.config.3) [0, 2, 149, 3]>: mark as redraw
<view(menuconf.config.4) [0, 3, 149, 4]>: mark as redraw
<view(menuconf.config.3) [0, 2, 149, 3]>: draw (transparent: nil) ..
<view(menuconf.config.4) [0, 3, 149, 4]>: draw (transparent: nil) ..
<view(menuconf.config.3) [0, 2, 149, 3]>: refresh to mconfdialog.menuconf(0, 2, 149, 3) ..
<view(menuconf.config.4) [0, 3, 149, 4]>: refresh to mconfdialog.menuconf(0, 3, 149, 4) ..
<panel(mconfdialog.menuconf) [0, 0, 149, 41]>: refresh to window.panel(0, 0, 149, 41) ..
<panel(window.panel) [1, 1, 151, 42]>: refresh to window.frame(1, 1, 151, 42) ..
<panel(window.frame) [0, 0, 152, 43]>: refresh to boxdialog.box(0, 0, 152, 43) ..
<panel(boxdialog.box) [0, 3, 152, 46]>: refresh to window.panel(0, 3, 152, 46) ..
<panel(window.panel) [1, 1, 153, 48]>: refresh to window.frame(1, 1, 153, 48) ..
<panel(window.frame) [0, 0, 154, 49]>: refresh to app.config.mconfdialog(0, 0, 154, 49) ..
<panel(app.config.mconfdialog) [1, 1, 157, 51]>: refresh to app.config(1, 1, 157, 51) ..
<panel(app.config) [0, 0, 158, 52]>: refresh ..
cursor(<view(select) [33, 0, 43, 1]>): (35, 48.0), 1
event(key): Enter 13.0 ..
<panel(mconfdialog.choice) [0, 0, 80, 20]>: mark as resize
<view(window.shadow) [2, 1, 80, 20]>: mark as resize
<panel(window.frame) [0, 0, 80, 20]>: mark as resize
<view(window.border) [0, 0, 78, 19]>: mark as resize
<view(window.title) [0, 0, 12, 1]>: mark as resize
<panel(window.panel) [0, 0, 78, 19]>: mark as resize
<panel(dialog.buttons) [0, 16, 76, 17]>: mark as resize
<view(textdialog.text) [0, 0, 76, 16]>: mark as resize
<view(textdialog.scrollbar) [75, 0, 76, 16]>: mark as resize
<panel(boxdialog.box) [0, 3, 76, 16]>: mark as resize
<panel(window.frame) [0, 0, 76, 13]>: mark as resize
<view(window.border) [0, 0, 76, 13]>: mark as resize
<panel(window.panel) [0, 0, 76, 13]>: mark as resize
<view(select) [0, 0, 10, 1]>: mark as resize
<view(cancel) [0, 0, 10, 1]>: mark as resize
<view(choicedialog.scrollbar) [73, 0, 74, 11]>: mark as resize
<panel(choicedialog.choicebox) [0, 0, 73, 11]>: mark as resize
<view(choicebox.value.1) [0, 0, 73, 1]>: mark as resize
<view(choicebox.value.2) [0, 1, 73, 2]>: mark as resize
<view(choicebox.value.3) [0, 2, 73, 3]>: mark as resize
<view(select) [33, 0, 43, 1]>: mark as redraw
<panel(app.config.mconfdialog) [1, 1, 157, 51]>: mark as redraw
<panel(app.config.mconfdialog) [1, 1, 157, 51]>: draw (transparent: nil) ..
<view(window.shadow) [2, 1, 156, 50]>: draw (transparent: nil) ..
<panel(window.frame) [0, 0, 154, 49]>: draw (transparent: nil) ..
<view(window.border) [0, 0, 154, 49]>: draw (transparent: true) ..
<view(window.title) [71, 0, 82, 1]>: draw (transparent: nil) ..
<panel(window.panel) [1, 1, 153, 48]>: draw (transparent: nil) ..
<panel(dialog.buttons) [0, 46, 152, 47]>: draw (transparent: nil) ..
<view(select) [33, 0, 43, 1]>: draw (transparent: nil) ..
<view(back) [53, 0, 61, 1]>: draw (transparent: nil) ..
<view(exit) [72, 0, 80, 1]>: draw (transparent: nil) ..
<view(help) [91, 0, 99, 1]>: draw (transparent: nil) ..
<view(save) [110, 0, 118, 1]>: draw (transparent: nil) ..
<view(textdialog.text) [0, 0, 152, 3]>: draw (transparent: nil) ..
<panel(boxdialog.box) [0, 3, 152, 46]>: draw (transparent: nil) ..
<panel(window.frame) [0, 0, 152, 43]>: draw (transparent: nil) ..
<view(window.border) [0, 0, 152, 43]>: draw (transparent: true) ..
<panel(window.panel) [1, 1, 151, 42]>: draw (transparent: nil) ..
<panel(mconfdialog.menuconf) [0, 0, 149, 41]>: draw (transparent: nil) ..
<view(menuconf.config.1) [0, 0, 149, 1]>: draw (transparent: nil) ..
<view(menuconf.config.2) [0, 1, 149, 2]>: draw (transparent: nil) ..
<view(menuconf.config.3) [0, 2, 149, 3]>: draw (transparent: nil) ..
<view(menuconf.config.4) [0, 3, 149, 4]>: draw (transparent: nil) ..
<view(menuconf.config.5) [0, 4, 149, 5]>: draw (transparent: nil) ..
<view(menuconf.config.6) [0, 5, 149, 6]>: draw (transparent: nil) ..
<view(menuconf.config.7) [0, 6, 149, 7]>: draw (transparent: nil) ..
<view(menuconf.config.8) [0, 7, 149, 8]>: draw (transparent: nil) ..
<view(menuconf.config.9) [0, 8, 149, 9]>: draw (transparent: nil) ..
<view(menuconf.config.10) [0, 9, 149, 10]>: draw (transparent: nil) ..
<view(menuconf.config.11) [0, 10, 149, 11]>: draw (transparent: nil) ..
<view(menuconf.config.12) [0, 11, 149, 12]>: draw (transparent: nil) ..
<view(menuconf.config.13) [0, 12, 149, 13]>: draw (transparent: nil) ..
<view(menuconf.config.14) [0, 13, 149, 14]>: draw (transparent: nil) ..
<view(menuconf.config.15) [0, 14, 149, 15]>: draw (transparent: nil) ..
<panel(mconfdialog.choice) [38, 15, 118, 35]>: draw (transparent: nil) ..
<view(window.shadow) [2, 1, 80, 20]>: draw (transparent: nil) ..
<panel(window.frame) [0, 0, 78, 19]>: draw (transparent: nil) ..
<view(window.border) [0, 0, 78, 19]>: draw (transparent: true) ..
<view(window.title) [22, 0, 56, 1]>: draw (transparent: nil) ..
<panel(window.panel) [1, 1, 77, 18]>: draw (transparent: nil) ..
<panel(dialog.buttons) [0, 16, 76, 17]>: draw (transparent: nil) ..
<view(select) [23, 0, 33, 1]>: draw (transparent: nil) ..
<view(cancel) [42, 0, 52, 1]>: draw (transparent: nil) ..
<view(textdialog.text) [0, 0, 76, 3]>: draw (transparent: nil) ..
<panel(boxdialog.box) [0, 3, 76, 16]>: draw (transparent: nil) ..
<panel(window.frame) [0, 0, 76, 13]>: draw (transparent: nil) ..
<view(window.border) [0, 0, 76, 13]>: draw (transparent: true) ..
<panel(window.panel) [1, 1, 75, 12]>: draw (transparent: nil) ..
<panel(choicedialog.choicebox) [0, 0, 73, 11]>: draw (transparent: nil) ..
<view(choicebox.value.1) [0, 0, 73, 1]>: draw (transparent: nil) ..
<view(choicebox.value.2) [0, 1, 73, 2]>: draw (transparent: nil) ..
<view(choicebox.value.3) [0, 2, 73, 3]>: draw (transparent: nil) ..
<view(window.shadow) [2, 1, 156, 50]>: refresh to app.config.mconfdialog(2, 1, 156, 50) ..
<view(window.border) [0, 0, 154, 49]>: refresh to window.frame(0, 0, 154, 49) ..
<view(window.title) [71, 0, 82, 1]>: refresh to window.frame(71, 0, 82, 1) ..
<view(select) [33, 0, 43, 1]>: refresh to dialog.buttons(33, 0, 43, 1) ..
<view(back) [53, 0, 61, 1]>: refresh to dialog.buttons(53, 0, 61, 1) ..
<view(exit) [72, 0, 80, 1]>: refresh to dialog.buttons(72, 0, 80, 1) ..
<view(help) [91, 0, 99, 1]>: refresh to dialog.buttons(91, 0, 99, 1) ..
<view(save) [110, 0, 118, 1]>: refresh to dialog.buttons(110, 0, 118, 1) ..
<panel(dialog.buttons) [0, 46, 152, 47]>: refresh to window.panel(0, 46, 152, 47) ..
<view(textdialog.text) [0, 0, 152, 3]>: refresh to window.panel(0, 0, 152, 3) ..
<view(window.border) [0, 0, 152, 43]>: refresh to window.frame(0, 0, 152, 43) ..
<view(menuconf.config.1) [0, 0, 149, 1]>: refresh to mconfdialog.menuconf(0, 0, 149, 1) ..
<view(menuconf.config.2) [0, 1, 149, 2]>: refresh to mconfdialog.menuconf(0, 1, 149, 2) ..
<view(menuconf.config.3) [0, 2, 149, 3]>: refresh to mconfdialog.menuconf(0, 2, 149, 3) ..
<view(menuconf.config.4) [0, 3, 149, 4]>: refresh to mconfdialog.menuconf(0, 3, 149, 4) ..
<view(menuconf.config.5) [0, 4, 149, 5]>: refresh to mconfdialog.menuconf(0, 4, 149, 5) ..
<view(menuconf.config.6) [0, 5, 149, 6]>: refresh to mconfdialog.menuconf(0, 5, 149, 6) ..
<view(menuconf.config.7) [0, 6, 149, 7]>: refresh to mconfdialog.menuconf(0, 6, 149, 7) ..
<view(menuconf.config.8) [0, 7, 149, 8]>: refresh to mconfdialog.menuconf(0, 7, 149, 8) ..
<view(menuconf.config.9) [0, 8, 149, 9]>: refresh to mconfdialog.menuconf(0, 8, 149, 9) ..
<view(menuconf.config.10) [0, 9, 149, 10]>: refresh to mconfdialog.menuconf(0, 9, 149, 10) ..
<view(menuconf.config.11) [0, 10, 149, 11]>: refresh to mconfdialog.menuconf(0, 10, 149, 11) ..
<view(menuconf.config.12) [0, 11, 149, 12]>: refresh to mconfdialog.menuconf(0, 11, 149, 12) ..
<view(menuconf.config.13) [0, 12, 149, 13]>: refresh to mconfdialog.menuconf(0, 12, 149, 13) ..
<view(menuconf.config.14) [0, 13, 149, 14]>: refresh to mconfdialog.menuconf(0, 13, 149, 14) ..
<view(menuconf.config.15) [0, 14, 149, 15]>: refresh to mconfdialog.menuconf(0, 14, 149, 15) ..
<panel(mconfdialog.menuconf) [0, 0, 149, 41]>: refresh to window.panel(0, 0, 149, 41) ..
<panel(window.panel) [1, 1, 151, 42]>: refresh to window.frame(1, 1, 151, 42) ..
<panel(window.frame) [0, 0, 152, 43]>: refresh to boxdialog.box(0, 0, 152, 43) ..
<panel(boxdialog.box) [0, 3, 152, 46]>: refresh to window.panel(0, 3, 152, 46) ..
<panel(window.panel) [1, 1, 153, 48]>: refresh to window.frame(1, 1, 153, 48) ..
<panel(window.frame) [0, 0, 154, 49]>: refresh to app.config.mconfdialog(0, 0, 154, 49) ..
<view(window.shadow) [2, 1, 80, 20]>: refresh to mconfdialog.choice(2, 1, 80, 20) ..
<view(window.border) [0, 0, 78, 19]>: refresh to window.frame(0, 0, 78, 19) ..
<view(window.title) [22, 0, 56, 1]>: refresh to window.frame(22, 0, 56, 1) ..
<view(select) [23, 0, 33, 1]>: refresh to dialog.buttons(23, 0, 33, 1) ..
<view(cancel) [42, 0, 52, 1]>: refresh to dialog.buttons(42, 0, 52, 1) ..
<panel(dialog.buttons) [0, 16, 76, 17]>: refresh to window.panel(0, 16, 76, 17) ..
<view(textdialog.text) [0, 0, 76, 3]>: refresh to window.panel(0, 0, 76, 3) ..
<view(window.border) [0, 0, 76, 13]>: refresh to window.frame(0, 0, 76, 13) ..
<view(choicebox.value.1) [0, 0, 73, 1]>: refresh to choicedialog.choicebox(0, 0, 73, 1) ..
<view(choicebox.value.2) [0, 1, 73, 2]>: refresh to choicedialog.choicebox(0, 1, 73, 2) ..
<view(choicebox.value.3) [0, 2, 73, 3]>: refresh to choicedialog.choicebox(0, 2, 73, 3) ..
<panel(choicedialog.choicebox) [0, 0, 73, 11]>: refresh to window.panel(0, 0, 73, 11) ..
<panel(window.panel) [1, 1, 75, 12]>: refresh to window.frame(1, 1, 75, 12) ..
<panel(window.frame) [0, 0, 76, 13]>: refresh to boxdialog.box(0, 0, 76, 13) ..
<panel(boxdialog.box) [0, 3, 76, 16]>: refresh to window.panel(0, 3, 76, 16) ..
<panel(window.panel) [1, 1, 77, 18]>: refresh to window.frame(1, 1, 77, 18) ..
<panel(window.frame) [0, 0, 78, 19]>: refresh to mconfdialog.choice(0, 0, 78, 19) ..
<panel(mconfdialog.choice) [38, 15, 118, 35]>: refresh to app.config.mconfdialog(38, 15, 118, 35) ..
<panel(app.config.mconfdialog) [1, 1, 157, 51]>: refresh to app.config(1, 1, 157, 51) ..
<panel(app.config) [0, 0, 158, 52]>: refresh ..
cursor(<view(select) [23, 0, 33, 1]>): (63, 33), 1
event(key): Down 258.0 ..
<view(choicebox.value.1) [0, 0, 73, 1]>: mark as redraw
<view(choicebox.value.2) [0, 1, 73, 2]>: mark as redraw
<view(choicebox.value.1) [0, 0, 73, 1]>: draw (transparent: nil) ..
<view(choicebox.value.2) [0, 1, 73, 2]>: draw (transparent: nil) ..
<view(choicebox.value.1) [0, 0, 73, 1]>: refresh to choicedialog.choicebox(0, 0, 73, 1) ..
<view(choicebox.value.2) [0, 1, 73, 2]>: refresh to choicedialog.choicebox(0, 1, 73, 2) ..
<panel(choicedialog.choicebox) [0, 0, 73, 11]>: refresh to window.panel(0, 0, 73, 11) ..
<panel(window.panel) [1, 1, 75, 12]>: refresh to window.frame(1, 1, 75, 12) ..
<panel(window.frame) [0, 0, 76, 13]>: refresh to boxdialog.box(0, 0, 76, 13) ..
<panel(boxdialog.box) [0, 3, 76, 16]>: refresh to window.panel(0, 3, 76, 16) ..
<panel(window.panel) [1, 1, 77, 18]>: refresh to window.frame(1, 1, 77, 18) ..
<panel(window.frame) [0, 0, 78, 19]>: refresh to mconfdialog.choice(0, 0, 78, 19) ..
<panel(mconfdialog.choice) [38, 15, 118, 35]>: refresh to app.config.mconfdialog(38, 15, 118, 35) ..
<panel(app.config.mconfdialog) [1, 1, 157, 51]>: refresh to app.config(1, 1, 157, 51) ..
<panel(app.config) [0, 0, 158, 52]>: refresh ..
cursor(<view(select) [23, 0, 33, 1]>): (63, 33), 1
event(key): Down 258.0 ..
<view(choicebox.value.2) [0, 1, 73, 2]>: mark as redraw
<view(choicebox.value.3) [0, 2, 73, 3]>: mark as redraw
<view(choicebox.value.2) [0, 1, 73, 2]>: draw (transparent: nil) ..
<view(choicebox.value.3) [0, 2, 73, 3]>: draw (transparent: nil) ..
<view(choicebox.value.2) [0, 1, 73, 2]>: refresh to choicedialog.choicebox(0, 1, 73, 2) ..
<view(choicebox.value.3) [0, 2, 73, 3]>: refresh to choicedialog.choicebox(0, 2, 73, 3) ..
<panel(choicedialog.choicebox) [0, 0, 73, 11]>: refresh to window.panel(0, 0, 73, 11) ..
<panel(window.panel) [1, 1, 75, 12]>: refresh to window.frame(1, 1, 75, 12) ..
<panel(window.frame) [0, 0, 76, 13]>: refresh to boxdialog.box(0, 0, 76, 13) ..
<panel(boxdialog.box) [0, 3, 76, 16]>: refresh to window.panel(0, 3, 76, 16) ..
<panel(window.panel) [1, 1, 77, 18]>: refresh to window.frame(1, 1, 77, 18) ..
<panel(window.frame) [0, 0, 78, 19]>: refresh to mconfdialog.choice(0, 0, 78, 19) ..
<panel(mconfdialog.choice) [38, 15, 118, 35]>: refresh to app.config.mconfdialog(38, 15, 118, 35) ..
<panel(app.config.mconfdialog) [1, 1, 157, 51]>: refresh to app.config(1, 1, 157, 51) ..
<panel(app.config) [0, 0, 158, 52]>: refresh ..
cursor(<view(select) [23, 0, 33, 1]>): (63, 33), 1
event(key): Enter 13.0 ..
<view(choicebox.value.1) [0, 0, 73, 1]>: mark as redraw
<view(menuconf.config.4) [0, 3, 149, 4]>: mark as redraw
<view(choicebox.value.3) [0, 2, 73, 3]>: mark as redraw
<view(select) [33, 0, 43, 1]>: mark as redraw
<panel(app.config.mconfdialog) [1, 1, 157, 51]>: mark as redraw
<panel(app.config.mconfdialog) [1, 1, 157, 51]>: draw (transparent: nil) ..
<view(window.shadow) [2, 1, 156, 50]>: draw (transparent: nil) ..
<panel(window.frame) [0, 0, 154, 49]>: draw (transparent: nil) ..
<view(window.border) [0, 0, 154, 49]>: draw (transparent: true) ..
<view(window.title) [71, 0, 82, 1]>: draw (transparent: nil) ..
<panel(window.panel) [1, 1, 153, 48]>: draw (transparent: nil) ..
<panel(dialog.buttons) [0, 46, 152, 47]>: draw (transparent: nil) ..
<view(select) [33, 0, 43, 1]>: draw (transparent: nil) ..
<view(back) [53, 0, 61, 1]>: draw (transparent: nil) ..
<view(exit) [72, 0, 80, 1]>: draw (transparent: nil) ..
<view(help) [91, 0, 99, 1]>: draw (transparent: nil) ..
<view(save) [110, 0, 118, 1]>: draw (transparent: nil) ..
<view(textdialog.text) [0, 0, 152, 3]>: draw (transparent: nil) ..
<panel(boxdialog.box) [0, 3, 152, 46]>: draw (transparent: nil) ..
<panel(window.frame) [0, 0, 152, 43]>: draw (transparent: nil) ..
<view(window.border) [0, 0, 152, 43]>: draw (transparent: true) ..
<panel(window.panel) [1, 1, 151, 42]>: draw (transparent: nil) ..
<panel(mconfdialog.menuconf) [0, 0, 149, 41]>: draw (transparent: nil) ..
<view(menuconf.config.1) [0, 0, 149, 1]>: draw (transparent: nil) ..
<view(menuconf.config.2) [0, 1, 149, 2]>: draw (transparent: nil) ..
<view(menuconf.config.3) [0, 2, 149, 3]>: draw (transparent: nil) ..
<view(menuconf.config.4) [0, 3, 149, 4]>: draw (transparent: nil) ..
<view(menuconf.config.5) [0, 4, 149, 5]>: draw (transparent: nil) ..
<view(menuconf.config.6) [0, 5, 149, 6]>: draw (transparent: nil) ..
<view(menuconf.config.7) [0, 6, 149, 7]>: draw (transparent: nil) ..
<view(menuconf.config.8) [0, 7, 149, 8]>: draw (transparent: nil) ..
<view(menuconf.config.9) [0, 8, 149, 9]>: draw (transparent: nil) ..
<view(menuconf.config.10) [0, 9, 149, 10]>: draw (transparent: nil) ..
<view(menuconf.config.11) [0, 10, 149, 11]>: draw (transparent: nil) ..
<view(menuconf.config.12) [0, 11, 149, 12]>: draw (transparent: nil) ..
<view(menuconf.config.13) [0, 12, 149, 13]>: draw (transparent: nil) ..
<view(menuconf.config.14) [0, 13, 149, 14]>: draw (transparent: nil) ..
<view(menuconf.config.15) [0, 14, 149, 15]>: draw (transparent: nil) ..
<view(window.shadow) [2, 1, 156, 50]>: refresh to app.config.mconfdialog(2, 1, 156, 50) ..
<view(window.border) [0, 0, 154, 49]>: refresh to window.frame(0, 0, 154, 49) ..
<view(window.title) [71, 0, 82, 1]>: refresh to window.frame(71, 0, 82, 1) ..
<view(select) [33, 0, 43, 1]>: refresh to dialog.buttons(33, 0, 43, 1) ..
<view(back) [53, 0, 61, 1]>: refresh to dialog.buttons(53, 0, 61, 1) ..
<view(exit) [72, 0, 80, 1]>: refresh to dialog.buttons(72, 0, 80, 1) ..
<view(help) [91, 0, 99, 1]>: refresh to dialog.buttons(91, 0, 99, 1) ..
<view(save) [110, 0, 118, 1]>: refresh to dialog.buttons(110, 0, 118, 1) ..
<panel(dialog.buttons) [0, 46, 152, 47]>: refresh to window.panel(0, 46, 152, 47) ..
<view(textdialog.text) [0, 0, 152, 3]>: refresh to window.panel(0, 0, 152, 3) ..
<view(window.border) [0, 0, 152, 43]>: refresh to window.frame(0, 0, 152, 43) ..
<view(menuconf.config.1) [0, 0, 149, 1]>: refresh to mconfdialog.menuconf(0, 0, 149, 1) ..
<view(menuconf.config.2) [0, 1, 149, 2]>: refresh to mconfdialog.menuconf(0, 1, 149, 2) ..
<view(menuconf.config.3) [0, 2, 149, 3]>: refresh to mconfdialog.menuconf(0, 2, 149, 3) ..
<view(menuconf.config.4) [0, 3, 149, 4]>: refresh to mconfdialog.menuconf(0, 3, 149, 4) ..
<view(menuconf.config.5) [0, 4, 149, 5]>: refresh to mconfdialog.menuconf(0, 4, 149, 5) ..
<view(menuconf.config.6) [0, 5, 149, 6]>: refresh to mconfdialog.menuconf(0, 5, 149, 6) ..
<view(menuconf.config.7) [0, 6, 149, 7]>: refresh to mconfdialog.menuconf(0, 6, 149, 7) ..
<view(menuconf.config.8) [0, 7, 149, 8]>: refresh to mconfdialog.menuconf(0, 7, 149, 8) ..
<view(menuconf.config.9) [0, 8, 149, 9]>: refresh to mconfdialog.menuconf(0, 8, 149, 9) ..
<view(menuconf.config.10) [0, 9, 149, 10]>: refresh to mconfdialog.menuconf(0, 9, 149, 10) ..
<view(menuconf.config.11) [0, 10, 149, 11]>: refresh to mconfdialog.menuconf(0, 10, 149, 11) ..
<view(menuconf.config.12) [0, 11, 149, 12]>: refresh to mconfdialog.menuconf(0, 11, 149, 12) ..
<view(menuconf.config.13) [0, 12, 149, 13]>: refresh to mconfdialog.menuconf(0, 12, 149, 13) ..
<view(menuconf.config.14) [0, 13, 149, 14]>: refresh to mconfdialog.menuconf(0, 13, 149, 14) ..
<view(menuconf.config.15) [0, 14, 149, 15]>: refresh to mconfdialog.menuconf(0, 14, 149, 15) ..
<panel(mconfdialog.menuconf) [0, 0, 149, 41]>: refresh to window.panel(0, 0, 149, 41) ..
<panel(window.panel) [1, 1, 151, 42]>: refresh to window.frame(1, 1, 151, 42) ..
<panel(window.frame) [0, 0, 152, 43]>: refresh to boxdialog.box(0, 0, 152, 43) ..
<panel(boxdialog.box) [0, 3, 152, 46]>: refresh to window.panel(0, 3, 152, 46) ..
<panel(window.panel) [1, 1, 153, 48]>: refresh to window.frame(1, 1, 153, 48) ..
<panel(window.frame) [0, 0, 154, 49]>: refresh to app.config.mconfdialog(0, 0, 154, 49) ..
<panel(app.config.mconfdialog) [1, 1, 157, 51]>: refresh to app.config(1, 1, 157, 51) ..
<panel(app.config) [0, 0, 158, 52]>: refresh ..
cursor(<view(select) [33, 0, 43, 1]>): (35, 48.0), 1
event(key): Right 261.0 ..
<view(select) [33, 0, 43, 1]>: mark as redraw
<view(back) [53, 0, 61, 1]>: mark as redraw
<view(select) [33, 0, 43, 1]>: draw (transparent: nil) ..
<view(back) [53, 0, 61, 1]>: draw (transparent: nil) ..
<view(select) [33, 0, 43, 1]>: refresh to dialog.buttons(33, 0, 43, 1) ..
<view(back) [53, 0, 61, 1]>: refresh to dialog.buttons(53, 0, 61, 1) ..
<panel(dialog.buttons) [0, 46, 152, 47]>: refresh to window.panel(0, 46, 152, 47) ..
<panel(window.panel) [1, 1, 153, 48]>: refresh to window.frame(1, 1, 153, 48) ..
<panel(window.frame) [0, 0, 154, 49]>: refresh to app.config.mconfdialog(0, 0, 154, 49) ..
<panel(app.config.mconfdialog) [1, 1, 157, 51]>: refresh to app.config(1, 1, 157, 51) ..
<panel(app.config) [0, 0, 158, 52]>: refresh ..
cursor(<view(back) [53, 0, 61, 1]>): (55, 48.0), 1
event(key): Right 261.0 ..
<view(back) [53, 0, 61, 1]>: mark as redraw
<view(exit) [72, 0, 80, 1]>: mark as redraw
<view(back) [53, 0, 61, 1]>: draw (transparent: nil) ..
<view(exit) [72, 0, 80, 1]>: draw (transparent: nil) ..
<view(back) [53, 0, 61, 1]>: refresh to dialog.buttons(53, 0, 61, 1) ..
<view(exit) [72, 0, 80, 1]>: refresh to dialog.buttons(72, 0, 80, 1) ..
<panel(dialog.buttons) [0, 46, 152, 47]>: refresh to window.panel(0, 46, 152, 47) ..
<panel(window.panel) [1, 1, 153, 48]>: refresh to window.frame(1, 1, 153, 48) ..
<panel(window.frame) [0, 0, 154, 49]>: refresh to app.config.mconfdialog(0, 0, 154, 49) ..
<panel(app.config.mconfdialog) [1, 1, 157, 51]>: refresh to app.config(1, 1, 157, 51) ..
<panel(app.config) [0, 0, 158, 52]>: refresh ..
cursor(<view(exit) [72, 0, 80, 1]>): (74, 48.0), 1
event(key): Right 261.0 ..
<view(exit) [72, 0, 80, 1]>: mark as redraw
<view(help) [91, 0, 99, 1]>: mark as redraw
<view(exit) [72, 0, 80, 1]>: draw (transparent: nil) ..
<view(help) [91, 0, 99, 1]>: draw (transparent: nil) ..
<view(exit) [72, 0, 80, 1]>: refresh to dialog.buttons(72, 0, 80, 1) ..
<view(help) [91, 0, 99, 1]>: refresh to dialog.buttons(91, 0, 99, 1) ..
<panel(dialog.buttons) [0, 46, 152, 47]>: refresh to window.panel(0, 46, 152, 47) ..
<panel(window.panel) [1, 1, 153, 48]>: refresh to window.frame(1, 1, 153, 48) ..
<panel(window.frame) [0, 0, 154, 49]>: refresh to app.config.mconfdialog(0, 0, 154, 49) ..
<panel(app.config.mconfdialog) [1, 1, 157, 51]>: refresh to app.config(1, 1, 157, 51) ..
<panel(app.config) [0, 0, 158, 52]>: refresh ..
cursor(<view(help) [91, 0, 99, 1]>): (93, 48.0), 1
event(key): Right 261.0 ..
<view(help) [91, 0, 99, 1]>: mark as redraw
<view(save) [110, 0, 118, 1]>: mark as redraw
<view(help) [91, 0, 99, 1]>: draw (transparent: nil) ..
<view(save) [110, 0, 118, 1]>: draw (transparent: nil) ..
<view(help) [91, 0, 99, 1]>: refresh to dialog.buttons(91, 0, 99, 1) ..
<view(save) [110, 0, 118, 1]>: refresh to dialog.buttons(110, 0, 118, 1) ..
<panel(dialog.buttons) [0, 46, 152, 47]>: refresh to window.panel(0, 46, 152, 47) ..
<panel(window.panel) [1, 1, 153, 48]>: refresh to window.frame(1, 1, 153, 48) ..
<panel(window.frame) [0, 0, 154, 49]>: refresh to app.config.mconfdialog(0, 0, 154, 49) ..
<panel(app.config.mconfdialog) [1, 1, 157, 51]>: refresh to app.config(1, 1, 157, 51) ..
<panel(app.config) [0, 0, 158, 52]>: refresh ..
cursor(<view(save) [110, 0, 118, 1]>): (112, 48.0), 1
event(key): Right 261.0 ..
<view(save) [110, 0, 118, 1]>: mark as redraw
<view(select) [33, 0, 43, 1]>: mark as redraw
<view(select) [33, 0, 43, 1]>: draw (transparent: nil) ..
<view(save) [110, 0, 118, 1]>: draw (transparent: nil) ..
<view(select) [33, 0, 43, 1]>: refresh to dialog.buttons(33, 0, 43, 1) ..
<view(save) [110, 0, 118, 1]>: refresh to dialog.buttons(110, 0, 118, 1) ..
<panel(dialog.buttons) [0, 46, 152, 47]>: refresh to window.panel(0, 46, 152, 47) ..
<panel(window.panel) [1, 1, 153, 48]>: refresh to window.frame(1, 1, 153, 48) ..
<panel(window.frame) [0, 0, 154, 49]>: refresh to app.config.mconfdialog(0, 0, 154, 49) ..
<panel(app.config.mconfdialog) [1, 1, 157, 51]>: refresh to app.config(1, 1, 157, 51) ..
<panel(app.config) [0, 0, 158, 52]>: refresh ..
cursor(<view(select) [33, 0, 43, 1]>): (35, 48.0), 1
event(key): Right 261.0 ..
<view(select) [33, 0, 43, 1]>: mark as redraw
<view(back) [53, 0, 61, 1]>: mark as redraw
<view(select) [33, 0, 43, 1]>: draw (transparent: nil) ..
<view(back) [53, 0, 61, 1]>: draw (transparent: nil) ..
<view(select) [33, 0, 43, 1]>: refresh to dialog.buttons(33, 0, 43, 1) ..
<view(back) [53, 0, 61, 1]>: refresh to dialog.buttons(53, 0, 61, 1) ..
<panel(dialog.buttons) [0, 46, 152, 47]>: refresh to window.panel(0, 46, 152, 47) ..
<panel(window.panel) [1, 1, 153, 48]>: refresh to window.frame(1, 1, 153, 48) ..
<panel(window.frame) [0, 0, 154, 49]>: refresh to app.config.mconfdialog(0, 0, 154, 49) ..
<panel(app.config.mconfdialog) [1, 1, 157, 51]>: refresh to app.config(1, 1, 157, 51) ..
<panel(app.config) [0, 0, 158, 52]>: refresh ..
cursor(<view(back) [53, 0, 61, 1]>): (55, 48.0), 1
event(key): Right 261.0 ..
<view(back) [53, 0, 61, 1]>: mark as redraw
<view(exit) [72, 0, 80, 1]>: mark as redraw
<view(back) [53, 0, 61, 1]>: draw (transparent: nil) ..
<view(exit) [72, 0, 80, 1]>: draw (transparent: nil) ..
<view(back) [53, 0, 61, 1]>: refresh to dialog.buttons(53, 0, 61, 1) ..
<view(exit) [72, 0, 80, 1]>: refresh to dialog.buttons(72, 0, 80, 1) ..
<panel(dialog.buttons) [0, 46, 152, 47]>: refresh to window.panel(0, 46, 152, 47) ..
<panel(window.panel) [1, 1, 153, 48]>: refresh to window.frame(1, 1, 153, 48) ..
<panel(window.frame) [0, 0, 154, 49]>: refresh to app.config.mconfdialog(0, 0, 154, 49) ..
<panel(app.config.mconfdialog) [1, 1, 157, 51]>: refresh to app.config(1, 1, 157, 51) ..
<panel(app.config) [0, 0, 158, 52]>: refresh ..
cursor(<view(exit) [72, 0, 80, 1]>): (74, 48.0), 1
event(key): Right 261.0 ..
<view(exit) [72, 0, 80, 1]>: mark as redraw
<view(help) [91, 0, 99, 1]>: mark as redraw
<view(exit) [72, 0, 80, 1]>: draw (transparent: nil) ..
<view(help) [91, 0, 99, 1]>: draw (transparent: nil) ..
<view(exit) [72, 0, 80, 1]>: refresh to dialog.buttons(72, 0, 80, 1) ..
<view(help) [91, 0, 99, 1]>: refresh to dialog.buttons(91, 0, 99, 1) ..
<panel(dialog.buttons) [0, 46, 152, 47]>: refresh to window.panel(0, 46, 152, 47) ..
<panel(window.panel) [1, 1, 153, 48]>: refresh to window.frame(1, 1, 153, 48) ..
<panel(window.frame) [0, 0, 154, 49]>: refresh to app.config.mconfdialog(0, 0, 154, 49) ..
<panel(app.config.mconfdialog) [1, 1, 157, 51]>: refresh to app.config(1, 1, 157, 51) ..
<panel(app.config) [0, 0, 158, 52]>: refresh ..
cursor(<view(help) [91, 0, 99, 1]>): (93, 48.0), 1
event(key): Right 261.0 ..
<view(help) [91, 0, 99, 1]>: mark as redraw
<view(save) [110, 0, 118, 1]>: mark as redraw
<view(help) [91, 0, 99, 1]>: draw (transparent: nil) ..
<view(save) [110, 0, 118, 1]>: draw (transparent: nil) ..
<view(help) [91, 0, 99, 1]>: refresh to dialog.buttons(91, 0, 99, 1) ..
<view(save) [110, 0, 118, 1]>: refresh to dialog.buttons(110, 0, 118, 1) ..
<panel(dialog.buttons) [0, 46, 152, 47]>: refresh to window.panel(0, 46, 152, 47) ..
<panel(window.panel) [1, 1, 153, 48]>: refresh to window.frame(1, 1, 153, 48) ..
<panel(window.frame) [0, 0, 154, 49]>: refresh to app.config.mconfdialog(0, 0, 154, 49) ..
<panel(app.config.mconfdialog) [1, 1, 157, 51]>: refresh to app.config(1, 1, 157, 51) ..
<panel(app.config) [0, 0, 158, 52]>: refresh ..
cursor(<view(save) [110, 0, 118, 1]>): (112, 48.0), 1
event(key): Enter 13.0 ..
event(cmd): cm_quit ..
